<?xml version="1.0" encoding="UTF-8"?>
<testng-results skipped="0" failed="0" ignored="0" total="1" passed="1">
  <reporter-output>
  </reporter-output>
  <suite name="Default suite" duration-ms="2814" started-at="2022-03-01T20:51:05 CST" finished-at="2022-03-01T20:51:08 CST">
    <groups>
    </groups>
    <test name="Default test" duration-ms="2814" started-at="2022-03-01T20:51:05 CST" finished-at="2022-03-01T20:51:08 CST">
      <class name="testCase.DELETE_A_Product">
        <test-method status="PASS" signature="createAProducts()[pri:0, instance:testCase.DELETE_A_Product@480bdb19]" name="createAProducts" duration-ms="2777" started-at="2022-03-01T20:51:05 CST" finished-at="2022-03-01T20:51:08 CST">
          <reporter-output>
          </reporter-output>
        </test-method> <!-- createAProducts -->
      </class> <!-- testCase.DELETE_A_Product -->
    </test> <!-- Default test -->
  </suite> <!-- Default suite -->
</testng-results>
